C:\USERS\AOS\APPDATA\ROAMING\RACKAFX\RACKAFXPROJECTS\RESPACEECHO\PLUGIN.OBJ
C:\USERS\AOS\APPDATA\ROAMING\RACKAFX\RACKAFXPROJECTS\RESPACEECHO\PLUGINOBJECTS.OBJ
C:\USERS\AOS\APPDATA\ROAMING\RACKAFX\RACKAFXPROJECTS\RESPACEECHO\RACKAFXDLL.OBJ
C:\USERS\AOS\APPDATA\ROAMING\RACKAFX\RACKAFXPROJECTS\RESPACEECHO\RESPACEECHO.OBJ
C:\USERS\AOS\APPDATA\ROAMING\RACKAFX\RACKAFXPROJECTS\RESPACEECHO\STEREODELAY.OBJ
C:\USERS\AOS\APPDATA\ROAMING\RACKAFX\RACKAFXPROJECTS\RESPACEECHO\DLLMODULE.OBJ
C:\USERS\AOS\APPDATA\ROAMING\RACKAFX\RACKAFXPROJECTS\RESPACEECHO\VC110.PDB
C:\USERS\AOS\APPDATA\ROAMING\RACKAFX\RACKAFXPROJECTS\RESPACEECHO\RESPACEECHO.PDB
C:\Users\AOS\AppData\Roaming\RackAFX\PlugIns\RESpaceEcho.lib
C:\Users\AOS\AppData\Roaming\RackAFX\PlugIns\RESpaceEcho.exp
C:\Users\AOS\AppData\Roaming\RackAFX\RackAFXProjects\RESpaceEcho\DLLModule.obj
C:\Users\AOS\AppData\Roaming\RackAFX\RackAFXProjects\RESpaceEcho\plugin.obj
C:\Users\AOS\AppData\Roaming\RackAFX\RackAFXProjects\RESpaceEcho\pluginobjects.obj
C:\Users\AOS\AppData\Roaming\RackAFX\RackAFXProjects\RESpaceEcho\RackAFXDLL.obj
C:\Users\AOS\AppData\Roaming\RackAFX\RackAFXProjects\RESpaceEcho\RESpaceEcho.obj
C:\Users\AOS\AppData\Roaming\RackAFX\RackAFXProjects\RESpaceEcho\StereoDelay.obj
C:\Users\AOS\AppData\Roaming\RackAFX\RackAFXProjects\RESpaceEcho\cl.command.1.tlog
C:\Users\AOS\AppData\Roaming\RackAFX\RackAFXProjects\RESpaceEcho\CL.read.1.tlog
C:\Users\AOS\AppData\Roaming\RackAFX\RackAFXProjects\RESpaceEcho\CL.write.1.tlog
C:\Users\AOS\AppData\Roaming\RackAFX\RackAFXProjects\RESpaceEcho\link-cvtres.read.1.tlog
C:\Users\AOS\AppData\Roaming\RackAFX\RackAFXProjects\RESpaceEcho\link-cvtres.write.1.tlog
C:\Users\AOS\AppData\Roaming\RackAFX\RackAFXProjects\RESpaceEcho\link-rc.read.1.tlog
C:\Users\AOS\AppData\Roaming\RackAFX\RackAFXProjects\RESpaceEcho\link-rc.write.1.tlog
C:\Users\AOS\AppData\Roaming\RackAFX\RackAFXProjects\RESpaceEcho\link.command.1.tlog
C:\Users\AOS\AppData\Roaming\RackAFX\RackAFXProjects\RESpaceEcho\link.read.1.tlog
C:\Users\AOS\AppData\Roaming\RackAFX\RackAFXProjects\RESpaceEcho\link.write.1.tlog
C:\Users\AOS\AppData\Roaming\RackAFX\RackAFXProjects\RESpaceEcho\RESpaceEcho.write.1.tlog
C:\Users\AOS\AppData\Roaming\RackAFX\RackAFXProjects\RESpaceEcho\vc110.idb
C:\Users\AOS\AppData\Roaming\RackAFX\PlugIns\RESpaceEcho.pdb
C:\Users\AOS\AppData\Roaming\RackAFX\PlugIns\RESpaceEcho.dll
C:\Users\AOS\AppData\Roaming\RackAFX\PlugIns\RESpaceEcho.ilk
